This is e-pTeX, Version 3.14159265-p3.7-160201-2.6 (utf8.euc) (TeX Live 2016) (preloaded format=platex 2016.9.29)  2 JAN 2018 19:01
entering extended mode
 restricted \write18 enabled.
 file:line:error style messages enabled.
 %&-line parsing enabled.
**reference.tex
(./reference.tex
pLaTeX2e <2016/05/07> (based on LaTeX2e <2016/03/31>)
Babel <3.9r> and hyphenation patterns for 83 language(s) loaded.
./reference.tex:1: Undefined control sequence.
<argument> \undefinedpagestyle 
                               
l.1 \thispagestyle{myheadings}
                              
? 
./reference.tex:1: Emergency stop.
<argument> \undefinedpagestyle 
                               
l.1 \thispagestyle{myheadings}
                              
End of file on the terminal!

 
Here is how much of TeX's memory you used:
 5 strings out of 493693
 63 string characters out of 6149787
 53727 words of memory out of 5000000
 3662 multiletter control sequences out of 15000+600000
 7511 words of font info for 31 fonts, out of 8000000 for 9000
 929 hyphenation exceptions out of 8191
 5i,0n,2p,56b,8s stack positions out of 5000i,500n,10000p,200000b,80000s
No pages of output.
