This is e-pTeX, Version 3.14159265-p3.7-160201-2.6 (utf8.euc) (TeX Live 2016) (preloaded format=platex 2016.9.29)  22 DEC 2017 10:54
entering extended mode
 restricted \write18 enabled.
 file:line:error style messages enabled.
 %&-line parsing enabled.
**root.tex
(./root.tex
pLaTeX2e <2016/05/07> (based on LaTeX2e <2016/03/31>)
Babel <3.9r> and hyphenation patterns for 83 language(s) loaded.
(/usr/local/texlive/2016/texmf-dist/tex/platex/base/jbook.cls
Document Class: jbook 2006/06/27 v1.6 Standard pLaTeX class
\c@@paper=\count81
(/usr/local/texlive/2016/texmf-dist/tex/platex/base/jbk10.clo
File: jbk10.clo 2006/06/27 v1.6 Standard pLaTeX file (size option)
)
\c@part=\count82
\c@chapter=\count83
\c@section=\count84
\c@subsection=\count85
\c@subsubsection=\count86
\c@paragraph=\count87
\c@subparagraph=\count88
\c@figure=\count89
\c@table=\count90
\abovecaptionskip=\skip41
\belowcaptionskip=\skip42
\symmincho=\mathgroup4
LaTeX Font Info:    Overwriting symbol font `mincho' in version `bold'
(Font)                  JY1/mc/m/n --> JY1/gt/m/n on input line 672.
\toclineskip=\dimen118
\@lnumwidth=\dimen119
\bibindent=\dimen120
\heisei=\count91
) (./personal.sty) (/usr/local/texlive/2016/texmf-dist/tex/latex/graphics/graph
icx.sty
Package: graphicx 2014/10/28 v1.0g Enhanced LaTeX Graphics (DPC,SPQR)

(/usr/local/texlive/2016/texmf-dist/tex/latex/graphics/keyval.sty
Package: keyval 2014/10/28 v1.15 key=value parser (DPC)
\KV@toks@=\toks15
)
(/usr/local/texlive/2016/texmf-dist/tex/latex/graphics/graphics.sty
Package: graphics 2016/05/09 v1.0r Standard LaTeX Graphics (DPC,SPQR)

(/usr/local/texlive/2016/texmf-dist/tex/latex/graphics/trig.sty
Package: trig 2016/01/03 v1.10 sin cos tan (DPC)
)
(/usr/local/texlive/2016/texmf-dist/tex/latex/graphics-cfg/graphics.cfg
File: graphics.cfg 2016/01/02 v1.10 sample graphics configuration
)
Package graphics Info: Driver file: dvips.def on input line 96.

(/usr/local/texlive/2016/texmf-dist/tex/latex/graphics/dvips.def
File: dvips.def 2015/12/30 v3.0k Driver-dependent file (DPC,SPQR)
))
\Gin@req@height=\dimen121
\Gin@req@width=\dimen122
)
(/usr/local/texlive/2016/texmf-dist/tex/latex/base/latexsym.sty
Package: latexsym 1998/08/17 v2.2e Standard LaTeX package (lasy symbols)
\symlasy=\mathgroup5
LaTeX Font Info:    Overwriting symbol font `lasy' in version `bold'
(Font)                  U/lasy/m/n --> U/lasy/b/n on input line 52.
)
(/usr/local/texlive/2016/texmf-dist/tex/latex/amsfonts/amssymb.sty
Package: amssymb 2013/01/14 v3.01 AMS font symbols

(/usr/local/texlive/2016/texmf-dist/tex/latex/amsfonts/amsfonts.sty
Package: amsfonts 2013/01/14 v3.01 Basic AMSFonts support
\@emptytoks=\toks16
\symAMSa=\mathgroup6
\symAMSb=\mathgroup7
LaTeX Font Info:    Overwriting math alphabet `\mathfrak' in version `bold'
(Font)                  U/euf/m/n --> U/euf/b/n on input line 106.
))
(./ulinej.sty
\ul@curpos=\count92
\ul@tmpbox=\box41
\ul@skipwidth=\dimen123
\ul@depth=\dimen124
\ul@height=\dimen125
) (/usr/local/texlive/2016/texmf-dist/tex/latex/url/url.sty
\Urlmuskip=\muskip10
Package: url 2013/09/16  ver 3.4  Verb mode for urls, etc.
)
\c@definition=\count93
\c@example=\count94

(./root.aux (./title.aux) (./chap1.aux) (./chap2.aux) (./chap3.aux)
(./chap4.aux) (./thanks.aux) (./reference.aux))
\openout1 = `root.aux'.

LaTeX Font Info:    Checking defaults for OML/cmm/m/it on input line 42.
LaTeX Font Info:    ... okay on input line 42.
LaTeX Font Info:    Checking defaults for T1/cmr/m/n on input line 42.
LaTeX Font Info:    ... okay on input line 42.
LaTeX Font Info:    Checking defaults for OT1/cmr/m/n on input line 42.
LaTeX Font Info:    ... okay on input line 42.
LaTeX Font Info:    Checking defaults for OMS/cmsy/m/n on input line 42.
LaTeX Font Info:    ... okay on input line 42.
LaTeX Font Info:    Checking defaults for OMX/cmex/m/n on input line 42.
LaTeX Font Info:    ... okay on input line 42.
LaTeX Font Info:    Checking defaults for U/cmr/m/n on input line 42.
LaTeX Font Info:    ... okay on input line 42.
LaTeX Font Info:    Checking defaults for JY1/mc/m/n on input line 42.
LaTeX Font Info:    ... okay on input line 42.
LaTeX Font Info:    Checking defaults for JT1/mc/m/n on input line 42.
LaTeX Font Info:    ... okay on input line 42.
\openout2 = `title.aux'.

 (./title.tex
LaTeX Font Info:    Font shape `JT1/mc/bx/n' in size <24.88> not available
(Font)              Font shape `JT1/gt/m/n' tried instead on input line 17.
LaTeX Font Info:    Font shape `JY1/mc/bx/n' in size <24.88> not available
(Font)              Font shape `JY1/gt/m/n' tried instead on input line 17.
LaTeX Font Info:    Try loading font information for U+lasy on input line 25.

(/usr/local/texlive/2016/texmf-dist/tex/latex/base/ulasy.fd
File: ulasy.fd 1998/08/17 v2.2e LaTeX symbol font definitions
)
LaTeX Font Info:    Try loading font information for U+msa on input line 25.

(/usr/local/texlive/2016/texmf-dist/tex/latex/amsfonts/umsa.fd
File: umsa.fd 2013/01/14 v3.01 AMS symbols A
)
LaTeX Font Info:    Try loading font information for U+msb on input line 25.

(/usr/local/texlive/2016/texmf-dist/tex/latex/amsfonts/umsb.fd
File: umsb.fd 2013/01/14 v3.01 AMS symbols B
) [1



]) [2


]
LaTeX Font Info:    Font shape `JT1/mc/bx/n' in size <20.74> not available
(Font)              Font shape `JT1/gt/m/n' tried instead on input line 47.
LaTeX Font Info:    Font shape `JY1/mc/bx/n' in size <20.74> not available
(Font)              Font shape `JY1/gt/m/n' tried instead on input line 47.

(./root.toc
LaTeX Font Info:    Font shape `JT1/mc/bx/n' in size <10> not available
(Font)              Font shape `JT1/gt/m/n' tried instead on input line 1.
LaTeX Font Info:    Font shape `JY1/mc/bx/n' in size <10> not available
(Font)              Font shape `JY1/gt/m/n' tried instead on input line 1.
)
\tf@toc=\write3
\openout3 = `root.toc'.

 [3]
\openout2 = `chap1.aux'.

 (./chap1.tex [4


]
第 1 章
LaTeX Font Info:    Font shape `JT1/mc/bx/n' in size <14.4> not available
(Font)              Font shape `JT1/gt/m/n' tried instead on input line 4.
LaTeX Font Info:    Font shape `JY1/mc/bx/n' in size <14.4> not available
(Font)              Font shape `JY1/gt/m/n' tried instead on input line 4.
File: chap1-figure/rihabiri.eps Graphic file (type eps)
<chap1-figure/rihabiri.eps>
File: chap1-figure/s-1.eps Graphic file (type eps)
 <chap1-figure/s-1.eps>
File: chap1-figure/s-2.eps Graphic file (type eps)
 <chap1-figure/s-2.eps>
File: chap1-figure/tadouhoku.eps Graphic file (type eps)

<chap1-figure/tadouhoku.eps>
File: chap1-figure/Oculus.eps Graphic file (type eps)
 <chap1-figure/Oculus.eps>
File: chap1-figure/tukuba.eps Graphic file (type eps)

<chap1-figure/tukuba.eps>
File: chap1-figure/VRhokou.eps Graphic file (type eps)
 <chap1-figure/VRhokou.eps> [5] [6] [7] [8]) [9]
\openout2 = `chap2.aux'.


(./chap2.tex [10



]
第 2 章
File: chap2-figure/kinect.eps Graphic file (type eps)
<chap2-figure/kinect.eps>
File: chap2-figure/beforesystem.eps Graphic file (type eps)
 <chap2-figure/beforesystem.eps>
File: chap2-figure/katagiri1.eps Graphic file (type eps)

<chap2-figure/katagiri1.eps>
File: chap2-figure/kinectsystem.eps Graphic file (type eps)
 <chap2-figure/kinectsystem.eps>
File: chap2-figure/system.eps Graphic file (type eps)

<chap2-figure/system.eps>
File: chap2-figure/akihabara3D.eps Graphic file (type eps)
 <chap2-figure/akihabara3D.eps>
File: chap2-figure/ue.eps Graphic file (type eps)
 <chap2-figure/ue.eps>
File: chap2-figure/katagiri2.eps Graphic file (type eps)

<chap2-figure/katagiri2.eps> [11] [12] [13] [14]
File: chap2-figure/start.eps Graphic file (type eps)
 <chap2-figure/start.eps>
File: chap2-figure/midstream-1.eps Graphic file (type eps)

<chap2-figure/midstream-1.eps>
File: chap2-figure/end.eps Graphic file (type eps)
 <chap2-figure/end.eps>
LaTeX Font Info:    Font shape `JT1/mc/bx/n' in size <12> not available
(Font)              Font shape `JT1/gt/m/n' tried instead on input line 101.
LaTeX Font Info:    Font shape `JY1/mc/bx/n' in size <12> not available
(Font)              Font shape `JY1/gt/m/n' tried instead on input line 101.
File: chap2-figure/midstream-2.eps Graphic file (type eps)

<chap2-figure/midstream-2.eps>) [15] [16] [17] [18]
\openout2 = `chap3.aux'.

 (./chap3.tex
第 3 章
LaTeX Font Info:    Try loading font information for OMS+cmr on input line 11.
(/usr/local/texlive/2016/texmf-dist/tex/latex/base/omscmr.fd
File: omscmr.fd 2014/09/29 v2.5h Standard LaTeX font definitions
)
LaTeX Font Info:    Font shape `OMS/cmr/m/n' in size <10> not available
(Font)              Font shape `OMS/cmsy/m/n' tried instead on input line 11.
File: chap3-figure/UntyChan.eps Graphic file (type eps)

<chap3-figure/UntyChan.eps> [19



]
File: chap3-figure/a-0.eps Graphic file (type eps)
 <chap3-figure/a-0.eps>
File: chap3-figure/a-1.eps Graphic file (type eps)
 <chap3-figure/a-1.eps>
File: chap3-figure/a-2.eps Graphic file (type eps)

<chap3-figure/a-2.eps>
File: chap3-figure/a-3.eps Graphic file (type eps)
 <chap3-figure/a-3.eps>
File: chap3-figure/jiken.eps Graphic file (type eps)
 <chap3-figure/jiken.eps>
File: chap3-figure/ankert.eps Graphic file (type eps)

<chap3-figure/ankert.eps> [20] [21] [22] [23] [24] [25]
File: chap3-figure/j-1-2.eps Graphic file (type eps)

<chap3-figure/j-1-2.eps>
File: chap3-figure/j1-3.eps Graphic file (type eps)
 <chap3-figure/j1-3.eps>
File: chap3-figure/j1-4.eps Graphic file (type eps)
 <chap3-figure/j1-4.eps>
File: chap3-figure/j1.eps Graphic file (type eps)

<chap3-figure/j1.eps>
File: chap3-figure/j2.eps Graphic file (type eps)
 <chap3-figure/j2.eps>
File: chap3-figure/j3.eps Graphic file (type eps)
 <chap3-figure/j3.eps>
File: chap3-figure/j4.eps Graphic file (type eps)

<chap3-figure/j4.eps>) [26] [27] [28] [29] [30]
\openout2 = `chap4.aux'.

 (./chap4.tex
第 4 章
File: chap4-figure/VR1.eps Graphic file (type eps)
<chap4-figure/VR1.eps>
File: chap4-figure/kine_ocu_1.eps Graphic file (type eps)
 <chap4-figure/kine_ocu_1.eps>
File: chap4-figure/kine_ocu_2.eps Graphic file (type eps)

<chap4-figure/kine_ocu_2.eps>) [31



] [32] [33]
\openout2 = `thanks.aux'.

 (./thanks.tex [34



]) [35]
\openout2 = `reference.aux'.


(./reference.tex [36



]
Missing character: There is no ^^e2 in font cmr10!
Missing character: There is no ^^80 in font cmr10!
Missing character: There is no ^^a2 in font cmr10!
Missing character: There is no ^^ef in font cmr10!
Missing character: There is no ^^bf in font cmr10!
Missing character: There is no ^^bc in font cmr10!
Missing character: There is no ^^ef in font cmr10!
Missing character: There is no ^^bf in font cmr10!
Missing character: There is no ^^bc in font cmr10!
Missing character: There is no ^^ef in font cmr10!
Missing character: There is no ^^bf in font cmr10!
Missing character: There is no ^^bc in font cmr10!
Missing character: There is no ^^ef in font cmr10!
Missing character: There is no ^^bf in font cmr10!
Missing character: There is no ^^bc in font cmr10!
Missing character: There is no ^^ef in font cmr10!
Missing character: There is no ^^bf in font cmr10!
Missing character: There is no ^^bc in font cmr10!
Missing character: There is no ^^ef in font cmr10!
Missing character: There is no ^^bf in font cmr10!
Missing character: There is no ^^bc in font cmr10!
Missing character: There is no ^^ef in font cmr10!
Missing character: There is no ^^bf in font cmr10!
Missing character: There is no ^^bc in font cmr10!
Missing character: There is no ^^ef in font cmr10!
Missing character: There is no ^^bf in font cmr10!
Missing character: There is no ^^bc in font cmr10!
Missing character: There is no ^^ef in font cmr10!
Missing character: There is no ^^bf in font cmr10!
Missing character: There is no ^^bc in font cmr10!
Missing character: There is no ^^ef in font cmr10!
Missing character: There is no ^^bf in font cmr10!
Missing character: There is no ^^bc in font cmr10!
Missing character: There is no ^^ef in font cmr10!
Missing character: There is no ^^bf in font cmr10!
Missing character: There is no ^^bc in font cmr10!
Missing character: There is no ^^ef in font cmr10!
Missing character: There is no ^^bf in font cmr10!
Missing character: There is no ^^bc in font cmr10!
Missing character: There is no ^^ef in font cmr10!
Missing character: There is no ^^bf in font cmr10!
Missing character: There is no ^^bc in font cmr10!
Missing character: There is no ^^ef in font cmr10!
Missing character: There is no ^^bf in font cmr10!
Missing character: There is no ^^bc in font cmr10!
Missing character: There is no ^^ef in font cmr10!
Missing character: There is no ^^bf in font cmr10!
Missing character: There is no ^^bc in font cmr10!
Missing character: There is no ^^ef in font cmr10!
Missing character: There is no ^^bf in font cmr10!
Missing character: There is no ^^bc in font cmr10!
Missing character: There is no ^^ef in font cmr10!
Missing character: There is no ^^bf in font cmr10!
Missing character: There is no ^^bc in font cmr10!
Missing character: There is no ^^ef in font cmr10!
Missing character: There is no ^^bf in font cmr10!
Missing character: There is no ^^bc in font cmr10!
Missing character: There is no ^^ef in font cmr10!
Missing character: There is no ^^bf in font cmr10!
Missing character: There is no ^^bc in font cmr10!
Missing character: There is no ^^ef in font cmr10!
Missing character: There is no ^^bf in font cmr10!
Missing character: There is no ^^bc in font cmr10!
Missing character: There is no ^^ef in font cmr10!
Missing character: There is no ^^bf in font cmr10!
Missing character: There is no ^^bc in font cmr10!
Missing character: There is no ^^ef in font cmr10!
Missing character: There is no ^^bf in font cmr10!
Missing character: There is no ^^bc in font cmr10!
Missing character: There is no ^^ef in font cmr10!
Missing character: There is no ^^bf in font cmr10!
Missing character: There is no ^^bc in font cmr10!
) [37] (./root.aux (./title.aux) (./chap1.aux)
(./chap2.aux) (./chap3.aux) (./chap4.aux) (./thanks.aux) (./reference.aux)) ) 
Here is how much of TeX's memory you used:
 1323 strings out of 493693
 15994 string characters out of 6149787
 75261 words of memory out of 5000000
 4797 multiletter control sequences out of 15000+600000
 22910 words of font info for 97 fonts, out of 8000000 for 9000
 929 hyphenation exceptions out of 8191
 28i,7n,26p,1312b,312s stack positions out of 5000i,500n,10000p,200000b,80000s

Output written on root.dvi (37 pages, 60880 bytes).
